[2024-08-31T01:53:55.077+0000] {taskinstance.py:1083} INFO - Dependencies all met for <TaskInstance: smooth.youtube_video manual__2024-08-31T01:53:53.554209+00:00 [queued]>
[2024-08-31T01:53:55.085+0000] {taskinstance.py:1083} INFO - Dependencies all met for <TaskInstance: smooth.youtube_video manual__2024-08-31T01:53:53.554209+00:00 [queued]>
[2024-08-31T01:53:55.085+0000] {taskinstance.py:1279} INFO - 
--------------------------------------------------------------------------------
[2024-08-31T01:53:55.085+0000] {taskinstance.py:1280} INFO - Starting attempt 1 of 1
[2024-08-31T01:53:55.085+0000] {taskinstance.py:1281} INFO - 
--------------------------------------------------------------------------------
[2024-08-31T01:53:55.098+0000] {taskinstance.py:1300} INFO - Executing <Task(SmoothOperator): youtube_video> on 2024-08-31 01:53:53.554209+00:00
[2024-08-31T01:53:55.105+0000] {standard_task_runner.py:55} INFO - Started process 169 to run task
[2024-08-31T01:53:55.109+0000] {standard_task_runner.py:82} INFO - Running: ['***', 'tasks', 'run', 'smooth', 'youtube_video', 'manual__2024-08-31T01:53:53.554209+00:00', '--job-id', '7', '--raw', '--subdir', 'DAGS_FOLDER/smooth.py', '--cfg-path', '/tmp/tmpzpkuwhwr']
[2024-08-31T01:53:55.110+0000] {standard_task_runner.py:83} INFO - Job 7: Subtask youtube_video
[2024-08-31T01:53:55.150+0000] {task_command.py:388} INFO - Running <TaskInstance: smooth.youtube_video manual__2024-08-31T01:53:53.554209+00:00 [running]> on host 7db53481007c
[2024-08-31T01:53:55.217+0000] {taskinstance.py:1509} INFO - Exporting the following env vars:
AIRFLOW_CTX_DAG_OWNER=***
AIRFLOW_CTX_DAG_ID=smooth
AIRFLOW_CTX_TASK_ID=youtube_video
AIRFLOW_CTX_EXECUTION_DATE=2024-08-31T01:53:53.554209+00:00
AIRFLOW_CTX_TRY_NUMBER=1
AIRFLOW_CTX_DAG_RUN_ID=manual__2024-08-31T01:53:53.554209+00:00
[2024-08-31T01:53:55.217+0000] {smooth.py:37} INFO - Enjoy Sade - Smooth Operator: https://www.youtube.com/watch?v=4TYv2PhG89A
[2024-08-31T01:53:55.224+0000] {taskinstance.py:1323} INFO - Marking task as SUCCESS. dag_id=smooth, task_id=youtube_video, execution_date=20240831T015353, start_date=20240831T015355, end_date=20240831T015355
[2024-08-31T01:53:55.242+0000] {local_task_job.py:208} INFO - Task exited with return code 0
[2024-08-31T01:53:55.256+0000] {taskinstance.py:2578} INFO - 0 downstream tasks scheduled from follow-on schedule check
