[2024-08-31T01:51:45.831+0000] {processor.py:153} INFO - Started process (PID=41) to work on /opt/airflow/dags/smooth.py
[2024-08-31T01:51:45.831+0000] {processor.py:743} INFO - Processing file /opt/airflow/dags/smooth.py for tasks to queue
[2024-08-31T01:51:45.831+0000] {logging_mixin.py:137} INFO - [2024-08-31T01:51:45.831+0000] {dagbag.py:538} INFO - Filling up the DagBag from /opt/airflow/dags/smooth.py
[2024-08-31T01:51:45.970+0000] {processor.py:753} INFO - DAG(s) dict_keys(['smooth']) retrieved from /opt/airflow/dags/smooth.py
[2024-08-31T01:51:46.383+0000] {logging_mixin.py:137} INFO - [2024-08-31T01:51:46.383+0000] {manager.py:504} INFO - Created Permission View: can read on DAG:smooth
[2024-08-31T01:51:46.418+0000] {logging_mixin.py:137} INFO - [2024-08-31T01:51:46.418+0000] {manager.py:504} INFO - Created Permission View: can delete on DAG:smooth
[2024-08-31T01:51:46.440+0000] {logging_mixin.py:137} INFO - [2024-08-31T01:51:46.440+0000] {manager.py:504} INFO - Created Permission View: can edit on DAG:smooth
[2024-08-31T01:51:46.440+0000] {logging_mixin.py:137} INFO - [2024-08-31T01:51:46.440+0000] {dag.py:2690} INFO - Sync 1 DAGs
[2024-08-31T01:51:46.467+0000] {logging_mixin.py:137} INFO - [2024-08-31T01:51:46.467+0000] {dag.py:2711} INFO - Creating ORM DAG for smooth
[2024-08-31T01:51:46.506+0000] {logging_mixin.py:137} INFO - [2024-08-31T01:51:46.506+0000] {dag.py:3441} INFO - Setting next_dagrun for smooth to None, run_after=None
[2024-08-31T01:51:46.606+0000] {processor.py:175} INFO - Processing /opt/airflow/dags/smooth.py took 0.796 seconds
[2024-08-31T01:52:16.835+0000] {processor.py:153} INFO - Started process (PID=62) to work on /opt/airflow/dags/smooth.py
[2024-08-31T01:52:16.837+0000] {processor.py:743} INFO - Processing file /opt/airflow/dags/smooth.py for tasks to queue
[2024-08-31T01:52:16.839+0000] {logging_mixin.py:137} INFO - [2024-08-31T01:52:16.838+0000] {dagbag.py:538} INFO - Filling up the DagBag from /opt/airflow/dags/smooth.py
[2024-08-31T01:52:16.940+0000] {processor.py:753} INFO - DAG(s) dict_keys(['smooth']) retrieved from /opt/airflow/dags/smooth.py
[2024-08-31T01:52:17.027+0000] {logging_mixin.py:137} INFO - [2024-08-31T01:52:17.027+0000] {dag.py:2690} INFO - Sync 1 DAGs
[2024-08-31T01:52:17.064+0000] {logging_mixin.py:137} INFO - [2024-08-31T01:52:17.064+0000] {dag.py:3441} INFO - Setting next_dagrun for smooth to None, run_after=None
[2024-08-31T01:52:17.086+0000] {processor.py:175} INFO - Processing /opt/airflow/dags/smooth.py took 0.264 seconds
[2024-08-31T01:52:47.171+0000] {processor.py:153} INFO - Started process (PID=91) to work on /opt/airflow/dags/smooth.py
[2024-08-31T01:52:47.171+0000] {processor.py:743} INFO - Processing file /opt/airflow/dags/smooth.py for tasks to queue
[2024-08-31T01:52:47.172+0000] {logging_mixin.py:137} INFO - [2024-08-31T01:52:47.172+0000] {dagbag.py:538} INFO - Filling up the DagBag from /opt/airflow/dags/smooth.py
[2024-08-31T01:52:47.188+0000] {processor.py:753} INFO - DAG(s) dict_keys(['smooth']) retrieved from /opt/airflow/dags/smooth.py
[2024-08-31T01:52:47.207+0000] {logging_mixin.py:137} INFO - [2024-08-31T01:52:47.207+0000] {dag.py:2690} INFO - Sync 1 DAGs
[2024-08-31T01:52:47.220+0000] {logging_mixin.py:137} INFO - [2024-08-31T01:52:47.220+0000] {dag.py:3441} INFO - Setting next_dagrun for smooth to None, run_after=None
[2024-08-31T01:52:47.233+0000] {processor.py:175} INFO - Processing /opt/airflow/dags/smooth.py took 0.064 seconds
[2024-08-31T01:53:17.278+0000] {processor.py:153} INFO - Started process (PID=122) to work on /opt/airflow/dags/smooth.py
[2024-08-31T01:53:17.281+0000] {processor.py:743} INFO - Processing file /opt/airflow/dags/smooth.py for tasks to queue
[2024-08-31T01:53:17.281+0000] {logging_mixin.py:137} INFO - [2024-08-31T01:53:17.281+0000] {dagbag.py:538} INFO - Filling up the DagBag from /opt/airflow/dags/smooth.py
[2024-08-31T01:53:17.315+0000] {processor.py:753} INFO - DAG(s) dict_keys(['smooth']) retrieved from /opt/airflow/dags/smooth.py
[2024-08-31T01:53:17.369+0000] {logging_mixin.py:137} INFO - [2024-08-31T01:53:17.369+0000] {dag.py:2690} INFO - Sync 1 DAGs
[2024-08-31T01:53:17.381+0000] {logging_mixin.py:137} INFO - [2024-08-31T01:53:17.381+0000] {dag.py:3441} INFO - Setting next_dagrun for smooth to None, run_after=None
[2024-08-31T01:53:17.490+0000] {processor.py:175} INFO - Processing /opt/airflow/dags/smooth.py took 0.216 seconds
[2024-08-31T01:53:47.603+0000] {processor.py:153} INFO - Started process (PID=143) to work on /opt/airflow/dags/smooth.py
[2024-08-31T01:53:47.603+0000] {processor.py:743} INFO - Processing file /opt/airflow/dags/smooth.py for tasks to queue
[2024-08-31T01:53:47.604+0000] {logging_mixin.py:137} INFO - [2024-08-31T01:53:47.604+0000] {dagbag.py:538} INFO - Filling up the DagBag from /opt/airflow/dags/smooth.py
[2024-08-31T01:53:47.626+0000] {processor.py:753} INFO - DAG(s) dict_keys(['smooth']) retrieved from /opt/airflow/dags/smooth.py
[2024-08-31T01:53:47.644+0000] {logging_mixin.py:137} INFO - [2024-08-31T01:53:47.644+0000] {dag.py:2690} INFO - Sync 1 DAGs
[2024-08-31T01:53:47.657+0000] {logging_mixin.py:137} INFO - [2024-08-31T01:53:47.657+0000] {dag.py:3441} INFO - Setting next_dagrun for smooth to None, run_after=None
[2024-08-31T01:53:47.670+0000] {processor.py:175} INFO - Processing /opt/airflow/dags/smooth.py took 0.070 seconds
[2024-08-31T01:54:17.715+0000] {processor.py:153} INFO - Started process (PID=174) to work on /opt/airflow/dags/smooth.py
[2024-08-31T01:54:17.716+0000] {processor.py:743} INFO - Processing file /opt/airflow/dags/smooth.py for tasks to queue
[2024-08-31T01:54:17.716+0000] {logging_mixin.py:137} INFO - [2024-08-31T01:54:17.716+0000] {dagbag.py:538} INFO - Filling up the DagBag from /opt/airflow/dags/smooth.py
[2024-08-31T01:54:17.732+0000] {processor.py:753} INFO - DAG(s) dict_keys(['smooth']) retrieved from /opt/airflow/dags/smooth.py
[2024-08-31T01:54:17.757+0000] {logging_mixin.py:137} INFO - [2024-08-31T01:54:17.757+0000] {dag.py:2690} INFO - Sync 1 DAGs
[2024-08-31T01:54:17.772+0000] {logging_mixin.py:137} INFO - [2024-08-31T01:54:17.772+0000] {dag.py:3441} INFO - Setting next_dagrun for smooth to None, run_after=None
[2024-08-31T01:54:17.786+0000] {processor.py:175} INFO - Processing /opt/airflow/dags/smooth.py took 0.073 seconds
[2024-08-31T01:54:47.820+0000] {processor.py:153} INFO - Started process (PID=194) to work on /opt/airflow/dags/smooth.py
[2024-08-31T01:54:47.821+0000] {processor.py:743} INFO - Processing file /opt/airflow/dags/smooth.py for tasks to queue
[2024-08-31T01:54:47.822+0000] {logging_mixin.py:137} INFO - [2024-08-31T01:54:47.822+0000] {dagbag.py:538} INFO - Filling up the DagBag from /opt/airflow/dags/smooth.py
[2024-08-31T01:54:47.841+0000] {processor.py:753} INFO - DAG(s) dict_keys(['smooth']) retrieved from /opt/airflow/dags/smooth.py
[2024-08-31T01:54:47.862+0000] {logging_mixin.py:137} INFO - [2024-08-31T01:54:47.862+0000] {dag.py:2690} INFO - Sync 1 DAGs
[2024-08-31T01:54:47.875+0000] {logging_mixin.py:137} INFO - [2024-08-31T01:54:47.875+0000] {dag.py:3441} INFO - Setting next_dagrun for smooth to None, run_after=None
[2024-08-31T01:54:47.893+0000] {processor.py:175} INFO - Processing /opt/airflow/dags/smooth.py took 0.075 seconds
[2024-08-31T01:55:18.042+0000] {processor.py:153} INFO - Started process (PID=226) to work on /opt/airflow/dags/smooth.py
[2024-08-31T01:55:18.044+0000] {processor.py:743} INFO - Processing file /opt/airflow/dags/smooth.py for tasks to queue
[2024-08-31T01:55:18.045+0000] {logging_mixin.py:137} INFO - [2024-08-31T01:55:18.045+0000] {dagbag.py:538} INFO - Filling up the DagBag from /opt/airflow/dags/smooth.py
[2024-08-31T01:55:18.100+0000] {processor.py:753} INFO - DAG(s) dict_keys(['smooth']) retrieved from /opt/airflow/dags/smooth.py
[2024-08-31T01:55:18.135+0000] {logging_mixin.py:137} INFO - [2024-08-31T01:55:18.135+0000] {dag.py:2690} INFO - Sync 1 DAGs
[2024-08-31T01:55:18.151+0000] {logging_mixin.py:137} INFO - [2024-08-31T01:55:18.151+0000] {dag.py:3441} INFO - Setting next_dagrun for smooth to None, run_after=None
[2024-08-31T01:55:18.166+0000] {processor.py:175} INFO - Processing /opt/airflow/dags/smooth.py took 0.134 seconds
[2024-08-31T01:55:48.240+0000] {processor.py:153} INFO - Started process (PID=247) to work on /opt/airflow/dags/smooth.py
[2024-08-31T01:55:48.241+0000] {processor.py:743} INFO - Processing file /opt/airflow/dags/smooth.py for tasks to queue
[2024-08-31T01:55:48.242+0000] {logging_mixin.py:137} INFO - [2024-08-31T01:55:48.242+0000] {dagbag.py:538} INFO - Filling up the DagBag from /opt/airflow/dags/smooth.py
[2024-08-31T01:55:48.295+0000] {processor.py:753} INFO - DAG(s) dict_keys(['smooth']) retrieved from /opt/airflow/dags/smooth.py
[2024-08-31T01:55:48.329+0000] {logging_mixin.py:137} INFO - [2024-08-31T01:55:48.329+0000] {dag.py:2690} INFO - Sync 1 DAGs
[2024-08-31T01:55:48.348+0000] {logging_mixin.py:137} INFO - [2024-08-31T01:55:48.347+0000] {dag.py:3441} INFO - Setting next_dagrun for smooth to None, run_after=None
[2024-08-31T01:55:48.370+0000] {processor.py:175} INFO - Processing /opt/airflow/dags/smooth.py took 0.138 seconds
[2024-08-31T01:56:18.420+0000] {processor.py:153} INFO - Started process (PID=278) to work on /opt/airflow/dags/smooth.py
[2024-08-31T01:56:18.421+0000] {processor.py:743} INFO - Processing file /opt/airflow/dags/smooth.py for tasks to queue
[2024-08-31T01:56:18.421+0000] {logging_mixin.py:137} INFO - [2024-08-31T01:56:18.421+0000] {dagbag.py:538} INFO - Filling up the DagBag from /opt/airflow/dags/smooth.py
[2024-08-31T01:56:18.434+0000] {processor.py:753} INFO - DAG(s) dict_keys(['smooth']) retrieved from /opt/airflow/dags/smooth.py
[2024-08-31T01:56:18.451+0000] {logging_mixin.py:137} INFO - [2024-08-31T01:56:18.450+0000] {dag.py:2690} INFO - Sync 1 DAGs
[2024-08-31T01:56:18.464+0000] {logging_mixin.py:137} INFO - [2024-08-31T01:56:18.464+0000] {dag.py:3441} INFO - Setting next_dagrun for smooth to None, run_after=None
[2024-08-31T01:56:18.477+0000] {processor.py:175} INFO - Processing /opt/airflow/dags/smooth.py took 0.059 seconds
[2024-08-31T01:56:48.563+0000] {processor.py:153} INFO - Started process (PID=309) to work on /opt/airflow/dags/smooth.py
[2024-08-31T01:56:48.564+0000] {processor.py:743} INFO - Processing file /opt/airflow/dags/smooth.py for tasks to queue
[2024-08-31T01:56:48.564+0000] {logging_mixin.py:137} INFO - [2024-08-31T01:56:48.564+0000] {dagbag.py:538} INFO - Filling up the DagBag from /opt/airflow/dags/smooth.py
[2024-08-31T01:56:48.577+0000] {processor.py:753} INFO - DAG(s) dict_keys(['smooth']) retrieved from /opt/airflow/dags/smooth.py
[2024-08-31T01:56:48.592+0000] {logging_mixin.py:137} INFO - [2024-08-31T01:56:48.592+0000] {dag.py:2690} INFO - Sync 1 DAGs
[2024-08-31T01:56:48.605+0000] {logging_mixin.py:137} INFO - [2024-08-31T01:56:48.605+0000] {dag.py:3441} INFO - Setting next_dagrun for smooth to None, run_after=None
[2024-08-31T01:56:48.617+0000] {processor.py:175} INFO - Processing /opt/airflow/dags/smooth.py took 0.056 seconds
[2024-08-31T01:57:18.710+0000] {processor.py:153} INFO - Started process (PID=339) to work on /opt/airflow/dags/smooth.py
[2024-08-31T01:57:18.710+0000] {processor.py:743} INFO - Processing file /opt/airflow/dags/smooth.py for tasks to queue
[2024-08-31T01:57:18.711+0000] {logging_mixin.py:137} INFO - [2024-08-31T01:57:18.711+0000] {dagbag.py:538} INFO - Filling up the DagBag from /opt/airflow/dags/smooth.py
[2024-08-31T01:57:18.723+0000] {processor.py:753} INFO - DAG(s) dict_keys(['smooth']) retrieved from /opt/airflow/dags/smooth.py
[2024-08-31T01:57:18.740+0000] {logging_mixin.py:137} INFO - [2024-08-31T01:57:18.740+0000] {dag.py:2690} INFO - Sync 1 DAGs
[2024-08-31T01:57:18.752+0000] {logging_mixin.py:137} INFO - [2024-08-31T01:57:18.752+0000] {dag.py:3441} INFO - Setting next_dagrun for smooth to None, run_after=None
[2024-08-31T01:57:18.765+0000] {processor.py:175} INFO - Processing /opt/airflow/dags/smooth.py took 0.059 seconds
[2024-08-31T01:57:48.816+0000] {processor.py:153} INFO - Started process (PID=361) to work on /opt/airflow/dags/smooth.py
[2024-08-31T01:57:48.816+0000] {processor.py:743} INFO - Processing file /opt/airflow/dags/smooth.py for tasks to queue
[2024-08-31T01:57:48.817+0000] {logging_mixin.py:137} INFO - [2024-08-31T01:57:48.817+0000] {dagbag.py:538} INFO - Filling up the DagBag from /opt/airflow/dags/smooth.py
[2024-08-31T01:57:48.829+0000] {processor.py:753} INFO - DAG(s) dict_keys(['smooth']) retrieved from /opt/airflow/dags/smooth.py
[2024-08-31T01:57:48.845+0000] {logging_mixin.py:137} INFO - [2024-08-31T01:57:48.845+0000] {dag.py:2690} INFO - Sync 1 DAGs
[2024-08-31T01:57:48.860+0000] {logging_mixin.py:137} INFO - [2024-08-31T01:57:48.860+0000] {dag.py:3441} INFO - Setting next_dagrun for smooth to None, run_after=None
[2024-08-31T01:57:48.883+0000] {processor.py:175} INFO - Processing /opt/airflow/dags/smooth.py took 0.069 seconds
[2024-08-31T01:58:18.973+0000] {processor.py:153} INFO - Started process (PID=391) to work on /opt/airflow/dags/smooth.py
[2024-08-31T01:58:18.973+0000] {processor.py:743} INFO - Processing file /opt/airflow/dags/smooth.py for tasks to queue
[2024-08-31T01:58:18.974+0000] {logging_mixin.py:137} INFO - [2024-08-31T01:58:18.974+0000] {dagbag.py:538} INFO - Filling up the DagBag from /opt/airflow/dags/smooth.py
[2024-08-31T01:58:18.987+0000] {processor.py:753} INFO - DAG(s) dict_keys(['smooth']) retrieved from /opt/airflow/dags/smooth.py
[2024-08-31T01:58:19.003+0000] {logging_mixin.py:137} INFO - [2024-08-31T01:58:19.003+0000] {dag.py:2690} INFO - Sync 1 DAGs
[2024-08-31T01:58:19.015+0000] {logging_mixin.py:137} INFO - [2024-08-31T01:58:19.015+0000] {dag.py:3441} INFO - Setting next_dagrun for smooth to None, run_after=None
[2024-08-31T01:58:19.026+0000] {processor.py:175} INFO - Processing /opt/airflow/dags/smooth.py took 0.056 seconds
[2024-08-31T01:58:49.075+0000] {processor.py:153} INFO - Started process (PID=421) to work on /opt/airflow/dags/smooth.py
[2024-08-31T01:58:49.076+0000] {processor.py:743} INFO - Processing file /opt/airflow/dags/smooth.py for tasks to queue
[2024-08-31T01:58:49.076+0000] {logging_mixin.py:137} INFO - [2024-08-31T01:58:49.076+0000] {dagbag.py:538} INFO - Filling up the DagBag from /opt/airflow/dags/smooth.py
[2024-08-31T01:58:49.088+0000] {processor.py:753} INFO - DAG(s) dict_keys(['smooth']) retrieved from /opt/airflow/dags/smooth.py
[2024-08-31T01:58:49.102+0000] {logging_mixin.py:137} INFO - [2024-08-31T01:58:49.102+0000] {dag.py:2690} INFO - Sync 1 DAGs
[2024-08-31T01:58:49.115+0000] {logging_mixin.py:137} INFO - [2024-08-31T01:58:49.115+0000] {dag.py:3441} INFO - Setting next_dagrun for smooth to None, run_after=None
[2024-08-31T01:58:49.126+0000] {processor.py:175} INFO - Processing /opt/airflow/dags/smooth.py took 0.053 seconds
[2024-08-31T01:59:19.234+0000] {processor.py:153} INFO - Started process (PID=441) to work on /opt/airflow/dags/smooth.py
[2024-08-31T01:59:19.235+0000] {processor.py:743} INFO - Processing file /opt/airflow/dags/smooth.py for tasks to queue
[2024-08-31T01:59:19.235+0000] {logging_mixin.py:137} INFO - [2024-08-31T01:59:19.235+0000] {dagbag.py:538} INFO - Filling up the DagBag from /opt/airflow/dags/smooth.py
[2024-08-31T01:59:19.247+0000] {processor.py:753} INFO - DAG(s) dict_keys(['smooth']) retrieved from /opt/airflow/dags/smooth.py
[2024-08-31T01:59:19.262+0000] {logging_mixin.py:137} INFO - [2024-08-31T01:59:19.262+0000] {dag.py:2690} INFO - Sync 1 DAGs
[2024-08-31T01:59:19.275+0000] {logging_mixin.py:137} INFO - [2024-08-31T01:59:19.275+0000] {dag.py:3441} INFO - Setting next_dagrun for smooth to None, run_after=None
[2024-08-31T01:59:19.290+0000] {processor.py:175} INFO - Processing /opt/airflow/dags/smooth.py took 0.058 seconds
[2024-08-31T01:59:49.353+0000] {processor.py:153} INFO - Started process (PID=473) to work on /opt/airflow/dags/smooth.py
[2024-08-31T01:59:49.354+0000] {processor.py:743} INFO - Processing file /opt/airflow/dags/smooth.py for tasks to queue
[2024-08-31T01:59:49.354+0000] {logging_mixin.py:137} INFO - [2024-08-31T01:59:49.354+0000] {dagbag.py:538} INFO - Filling up the DagBag from /opt/airflow/dags/smooth.py
[2024-08-31T01:59:49.372+0000] {processor.py:753} INFO - DAG(s) dict_keys(['smooth']) retrieved from /opt/airflow/dags/smooth.py
[2024-08-31T01:59:49.393+0000] {logging_mixin.py:137} INFO - [2024-08-31T01:59:49.393+0000] {dag.py:2690} INFO - Sync 1 DAGs
[2024-08-31T01:59:49.408+0000] {logging_mixin.py:137} INFO - [2024-08-31T01:59:49.408+0000] {dag.py:3441} INFO - Setting next_dagrun for smooth to None, run_after=None
[2024-08-31T01:59:49.419+0000] {processor.py:175} INFO - Processing /opt/airflow/dags/smooth.py took 0.069 seconds
[2024-08-31T02:00:19.477+0000] {processor.py:153} INFO - Started process (PID=504) to work on /opt/airflow/dags/smooth.py
[2024-08-31T02:00:19.478+0000] {processor.py:743} INFO - Processing file /opt/airflow/dags/smooth.py for tasks to queue
[2024-08-31T02:00:19.478+0000] {logging_mixin.py:137} INFO - [2024-08-31T02:00:19.478+0000] {dagbag.py:538} INFO - Filling up the DagBag from /opt/airflow/dags/smooth.py
[2024-08-31T02:00:19.490+0000] {processor.py:753} INFO - DAG(s) dict_keys(['smooth']) retrieved from /opt/airflow/dags/smooth.py
[2024-08-31T02:00:19.505+0000] {logging_mixin.py:137} INFO - [2024-08-31T02:00:19.505+0000] {dag.py:2690} INFO - Sync 1 DAGs
[2024-08-31T02:00:19.517+0000] {logging_mixin.py:137} INFO - [2024-08-31T02:00:19.517+0000] {dag.py:3441} INFO - Setting next_dagrun for smooth to None, run_after=None
[2024-08-31T02:00:19.528+0000] {processor.py:175} INFO - Processing /opt/airflow/dags/smooth.py took 0.053 seconds
[2024-08-31T02:00:49.587+0000] {processor.py:153} INFO - Started process (PID=525) to work on /opt/airflow/dags/smooth.py
[2024-08-31T02:00:49.588+0000] {processor.py:743} INFO - Processing file /opt/airflow/dags/smooth.py for tasks to queue
[2024-08-31T02:00:49.588+0000] {logging_mixin.py:137} INFO - [2024-08-31T02:00:49.588+0000] {dagbag.py:538} INFO - Filling up the DagBag from /opt/airflow/dags/smooth.py
[2024-08-31T02:00:49.601+0000] {processor.py:753} INFO - DAG(s) dict_keys(['smooth']) retrieved from /opt/airflow/dags/smooth.py
[2024-08-31T02:00:49.617+0000] {logging_mixin.py:137} INFO - [2024-08-31T02:00:49.617+0000] {dag.py:2690} INFO - Sync 1 DAGs
[2024-08-31T02:00:49.629+0000] {logging_mixin.py:137} INFO - [2024-08-31T02:00:49.629+0000] {dag.py:3441} INFO - Setting next_dagrun for smooth to None, run_after=None
[2024-08-31T02:00:49.642+0000] {processor.py:175} INFO - Processing /opt/airflow/dags/smooth.py took 0.057 seconds
[2024-08-31T02:01:19.727+0000] {processor.py:153} INFO - Started process (PID=555) to work on /opt/airflow/dags/smooth.py
[2024-08-31T02:01:19.728+0000] {processor.py:743} INFO - Processing file /opt/airflow/dags/smooth.py for tasks to queue
[2024-08-31T02:01:19.728+0000] {logging_mixin.py:137} INFO - [2024-08-31T02:01:19.728+0000] {dagbag.py:538} INFO - Filling up the DagBag from /opt/airflow/dags/smooth.py
[2024-08-31T02:01:19.741+0000] {processor.py:753} INFO - DAG(s) dict_keys(['smooth']) retrieved from /opt/airflow/dags/smooth.py
[2024-08-31T02:01:19.767+0000] {logging_mixin.py:137} INFO - [2024-08-31T02:01:19.767+0000] {dag.py:2690} INFO - Sync 1 DAGs
[2024-08-31T02:01:19.781+0000] {logging_mixin.py:137} INFO - [2024-08-31T02:01:19.781+0000] {dag.py:3441} INFO - Setting next_dagrun for smooth to None, run_after=None
[2024-08-31T02:01:19.794+0000] {processor.py:175} INFO - Processing /opt/airflow/dags/smooth.py took 0.069 seconds
[2024-08-31T02:01:49.835+0000] {processor.py:153} INFO - Started process (PID=587) to work on /opt/airflow/dags/smooth.py
[2024-08-31T02:01:49.835+0000] {processor.py:743} INFO - Processing file /opt/airflow/dags/smooth.py for tasks to queue
[2024-08-31T02:01:49.836+0000] {logging_mixin.py:137} INFO - [2024-08-31T02:01:49.836+0000] {dagbag.py:538} INFO - Filling up the DagBag from /opt/airflow/dags/smooth.py
[2024-08-31T02:01:49.852+0000] {processor.py:753} INFO - DAG(s) dict_keys(['smooth']) retrieved from /opt/airflow/dags/smooth.py
[2024-08-31T02:01:49.869+0000] {logging_mixin.py:137} INFO - [2024-08-31T02:01:49.869+0000] {dag.py:2690} INFO - Sync 1 DAGs
[2024-08-31T02:01:49.882+0000] {logging_mixin.py:137} INFO - [2024-08-31T02:01:49.882+0000] {dag.py:3441} INFO - Setting next_dagrun for smooth to None, run_after=None
[2024-08-31T02:01:49.895+0000] {processor.py:175} INFO - Processing /opt/airflow/dags/smooth.py took 0.062 seconds
[2024-08-31T02:02:19.982+0000] {processor.py:153} INFO - Started process (PID=609) to work on /opt/airflow/dags/smooth.py
[2024-08-31T02:02:19.982+0000] {processor.py:743} INFO - Processing file /opt/airflow/dags/smooth.py for tasks to queue
[2024-08-31T02:02:19.983+0000] {logging_mixin.py:137} INFO - [2024-08-31T02:02:19.983+0000] {dagbag.py:538} INFO - Filling up the DagBag from /opt/airflow/dags/smooth.py
[2024-08-31T02:02:20.003+0000] {processor.py:753} INFO - DAG(s) dict_keys(['smooth']) retrieved from /opt/airflow/dags/smooth.py
[2024-08-31T02:02:20.020+0000] {logging_mixin.py:137} INFO - [2024-08-31T02:02:20.020+0000] {dag.py:2690} INFO - Sync 1 DAGs
[2024-08-31T02:02:20.034+0000] {logging_mixin.py:137} INFO - [2024-08-31T02:02:20.034+0000] {dag.py:3441} INFO - Setting next_dagrun for smooth to None, run_after=None
[2024-08-31T02:02:20.046+0000] {processor.py:175} INFO - Processing /opt/airflow/dags/smooth.py took 0.067 seconds
[2024-08-31T02:02:50.091+0000] {processor.py:153} INFO - Started process (PID=640) to work on /opt/airflow/dags/smooth.py
[2024-08-31T02:02:50.092+0000] {processor.py:743} INFO - Processing file /opt/airflow/dags/smooth.py for tasks to queue
[2024-08-31T02:02:50.092+0000] {logging_mixin.py:137} INFO - [2024-08-31T02:02:50.092+0000] {dagbag.py:538} INFO - Filling up the DagBag from /opt/airflow/dags/smooth.py
[2024-08-31T02:02:50.105+0000] {processor.py:753} INFO - DAG(s) dict_keys(['smooth']) retrieved from /opt/airflow/dags/smooth.py
[2024-08-31T02:02:50.120+0000] {logging_mixin.py:137} INFO - [2024-08-31T02:02:50.120+0000] {dag.py:2690} INFO - Sync 1 DAGs
[2024-08-31T02:02:50.133+0000] {logging_mixin.py:137} INFO - [2024-08-31T02:02:50.132+0000] {dag.py:3441} INFO - Setting next_dagrun for smooth to None, run_after=None
[2024-08-31T02:02:50.146+0000] {processor.py:175} INFO - Processing /opt/airflow/dags/smooth.py took 0.057 seconds
[2024-08-31T02:03:20.248+0000] {processor.py:153} INFO - Started process (PID=670) to work on /opt/airflow/dags/smooth.py
[2024-08-31T02:03:20.249+0000] {processor.py:743} INFO - Processing file /opt/airflow/dags/smooth.py for tasks to queue
[2024-08-31T02:03:20.250+0000] {logging_mixin.py:137} INFO - [2024-08-31T02:03:20.249+0000] {dagbag.py:538} INFO - Filling up the DagBag from /opt/airflow/dags/smooth.py
[2024-08-31T02:03:20.262+0000] {processor.py:753} INFO - DAG(s) dict_keys(['smooth']) retrieved from /opt/airflow/dags/smooth.py
[2024-08-31T02:03:20.277+0000] {logging_mixin.py:137} INFO - [2024-08-31T02:03:20.277+0000] {dag.py:2690} INFO - Sync 1 DAGs
[2024-08-31T02:03:20.290+0000] {logging_mixin.py:137} INFO - [2024-08-31T02:03:20.290+0000] {dag.py:3441} INFO - Setting next_dagrun for smooth to None, run_after=None
[2024-08-31T02:03:20.303+0000] {processor.py:175} INFO - Processing /opt/airflow/dags/smooth.py took 0.057 seconds
[2024-08-31T02:03:50.400+0000] {processor.py:153} INFO - Started process (PID=691) to work on /opt/airflow/dags/smooth.py
[2024-08-31T02:03:50.400+0000] {processor.py:743} INFO - Processing file /opt/airflow/dags/smooth.py for tasks to queue
[2024-08-31T02:03:50.401+0000] {logging_mixin.py:137} INFO - [2024-08-31T02:03:50.400+0000] {dagbag.py:538} INFO - Filling up the DagBag from /opt/airflow/dags/smooth.py
[2024-08-31T02:03:50.413+0000] {processor.py:753} INFO - DAG(s) dict_keys(['smooth']) retrieved from /opt/airflow/dags/smooth.py
[2024-08-31T02:03:50.429+0000] {logging_mixin.py:137} INFO - [2024-08-31T02:03:50.429+0000] {dag.py:2690} INFO - Sync 1 DAGs
[2024-08-31T02:03:50.442+0000] {logging_mixin.py:137} INFO - [2024-08-31T02:03:50.442+0000] {dag.py:3441} INFO - Setting next_dagrun for smooth to None, run_after=None
[2024-08-31T02:03:50.456+0000] {processor.py:175} INFO - Processing /opt/airflow/dags/smooth.py took 0.058 seconds
[2024-08-31T02:04:20.512+0000] {processor.py:153} INFO - Started process (PID=722) to work on /opt/airflow/dags/smooth.py
[2024-08-31T02:04:20.513+0000] {processor.py:743} INFO - Processing file /opt/airflow/dags/smooth.py for tasks to queue
[2024-08-31T02:04:20.513+0000] {logging_mixin.py:137} INFO - [2024-08-31T02:04:20.513+0000] {dagbag.py:538} INFO - Filling up the DagBag from /opt/airflow/dags/smooth.py
[2024-08-31T02:04:20.530+0000] {processor.py:753} INFO - DAG(s) dict_keys(['smooth']) retrieved from /opt/airflow/dags/smooth.py
[2024-08-31T02:04:20.552+0000] {logging_mixin.py:137} INFO - [2024-08-31T02:04:20.551+0000] {dag.py:2690} INFO - Sync 1 DAGs
[2024-08-31T02:04:20.573+0000] {logging_mixin.py:137} INFO - [2024-08-31T02:04:20.573+0000] {dag.py:3441} INFO - Setting next_dagrun for smooth to None, run_after=None
[2024-08-31T02:04:20.585+0000] {processor.py:175} INFO - Processing /opt/airflow/dags/smooth.py took 0.075 seconds
[2024-08-31T02:04:50.645+0000] {processor.py:153} INFO - Started process (PID=753) to work on /opt/airflow/dags/smooth.py
[2024-08-31T02:04:50.649+0000] {processor.py:743} INFO - Processing file /opt/airflow/dags/smooth.py for tasks to queue
[2024-08-31T02:04:50.650+0000] {logging_mixin.py:137} INFO - [2024-08-31T02:04:50.650+0000] {dagbag.py:538} INFO - Filling up the DagBag from /opt/airflow/dags/smooth.py
[2024-08-31T02:04:50.697+0000] {processor.py:753} INFO - DAG(s) dict_keys(['smooth']) retrieved from /opt/airflow/dags/smooth.py
[2024-08-31T02:04:50.769+0000] {logging_mixin.py:137} INFO - [2024-08-31T02:04:50.769+0000] {dag.py:2690} INFO - Sync 1 DAGs
[2024-08-31T02:04:50.794+0000] {logging_mixin.py:137} INFO - [2024-08-31T02:04:50.794+0000] {dag.py:3441} INFO - Setting next_dagrun for smooth to None, run_after=None
[2024-08-31T02:04:50.810+0000] {processor.py:175} INFO - Processing /opt/airflow/dags/smooth.py took 0.169 seconds
[2024-08-31T02:05:20.893+0000] {processor.py:153} INFO - Started process (PID=781) to work on /opt/airflow/dags/smooth.py
[2024-08-31T02:05:20.893+0000] {processor.py:743} INFO - Processing file /opt/airflow/dags/smooth.py for tasks to queue
[2024-08-31T02:05:20.894+0000] {logging_mixin.py:137} INFO - [2024-08-31T02:05:20.894+0000] {dagbag.py:538} INFO - Filling up the DagBag from /opt/airflow/dags/smooth.py
[2024-08-31T02:05:20.911+0000] {processor.py:753} INFO - DAG(s) dict_keys(['smooth']) retrieved from /opt/airflow/dags/smooth.py
[2024-08-31T02:05:20.930+0000] {logging_mixin.py:137} INFO - [2024-08-31T02:05:20.930+0000] {dag.py:2690} INFO - Sync 1 DAGs
[2024-08-31T02:05:20.966+0000] {logging_mixin.py:137} INFO - [2024-08-31T02:05:20.966+0000] {dag.py:3441} INFO - Setting next_dagrun for smooth to None, run_after=None
[2024-08-31T02:05:20.987+0000] {processor.py:175} INFO - Processing /opt/airflow/dags/smooth.py took 0.097 seconds
[2024-08-31T02:05:51.084+0000] {processor.py:153} INFO - Started process (PID=805) to work on /opt/airflow/dags/smooth.py
[2024-08-31T02:05:51.085+0000] {processor.py:743} INFO - Processing file /opt/airflow/dags/smooth.py for tasks to queue
[2024-08-31T02:05:51.085+0000] {logging_mixin.py:137} INFO - [2024-08-31T02:05:51.085+0000] {dagbag.py:538} INFO - Filling up the DagBag from /opt/airflow/dags/smooth.py
[2024-08-31T02:05:51.101+0000] {processor.py:753} INFO - DAG(s) dict_keys(['smooth']) retrieved from /opt/airflow/dags/smooth.py
[2024-08-31T02:05:51.118+0000] {logging_mixin.py:137} INFO - [2024-08-31T02:05:51.118+0000] {dag.py:2690} INFO - Sync 1 DAGs
[2024-08-31T02:05:51.131+0000] {logging_mixin.py:137} INFO - [2024-08-31T02:05:51.131+0000] {dag.py:3441} INFO - Setting next_dagrun for smooth to None, run_after=None
[2024-08-31T02:05:51.143+0000] {processor.py:175} INFO - Processing /opt/airflow/dags/smooth.py took 0.061 seconds
[2024-08-31T02:06:21.191+0000] {processor.py:153} INFO - Started process (PID=836) to work on /opt/airflow/dags/smooth.py
[2024-08-31T02:06:21.192+0000] {processor.py:743} INFO - Processing file /opt/airflow/dags/smooth.py for tasks to queue
[2024-08-31T02:06:21.192+0000] {logging_mixin.py:137} INFO - [2024-08-31T02:06:21.192+0000] {dagbag.py:538} INFO - Filling up the DagBag from /opt/airflow/dags/smooth.py
[2024-08-31T02:06:21.238+0000] {processor.py:753} INFO - DAG(s) dict_keys(['smooth']) retrieved from /opt/airflow/dags/smooth.py
[2024-08-31T02:06:21.260+0000] {logging_mixin.py:137} INFO - [2024-08-31T02:06:21.260+0000] {dag.py:2690} INFO - Sync 1 DAGs
[2024-08-31T02:06:21.275+0000] {logging_mixin.py:137} INFO - [2024-08-31T02:06:21.275+0000] {dag.py:3441} INFO - Setting next_dagrun for smooth to None, run_after=None
[2024-08-31T02:06:21.291+0000] {processor.py:175} INFO - Processing /opt/airflow/dags/smooth.py took 0.105 seconds
