[2024-08-31T00:50:18.507+0000] {manager.py:483} INFO - Processing files using up to 2 processes at a time 
[2024-08-31T00:50:18.515+0000] {manager.py:484} INFO - Process each file at most once every 30 seconds
[2024-08-31T00:50:18.515+0000] {manager.py:486} INFO - Checking for new files in /opt/airflow/dags every 300 seconds
[2024-08-31T00:50:18.516+0000] {manager.py:726} INFO - Searching for files in /opt/airflow/dags
[2024-08-31T00:50:18.516+0000] {manager.py:729} INFO - There are 0 files in /opt/airflow/dags
[2024-08-31T00:55:18.718+0000] {manager.py:726} INFO - Searching for files in /opt/airflow/dags
[2024-08-31T00:55:18.720+0000] {manager.py:729} INFO - There are 0 files in /opt/airflow/dags
[2024-08-31T01:00:18.724+0000] {manager.py:726} INFO - Searching for files in /opt/airflow/dags
[2024-08-31T01:00:18.724+0000] {manager.py:729} INFO - There are 0 files in /opt/airflow/dags
[2024-08-31T01:05:18.765+0000] {manager.py:726} INFO - Searching for files in /opt/airflow/dags
[2024-08-31T01:05:18.765+0000] {manager.py:729} INFO - There are 0 files in /opt/airflow/dags
[2024-08-31T01:10:18.789+0000] {manager.py:726} INFO - Searching for files in /opt/airflow/dags
[2024-08-31T01:10:18.789+0000] {manager.py:729} INFO - There are 0 files in /opt/airflow/dags
[2024-08-31T01:13:54.229+0000] {manager.py:465} INFO - Exiting gracefully upon receiving signal 15
[2024-08-31T01:16:36.918+0000] {manager.py:483} INFO - Processing files using up to 2 processes at a time 
[2024-08-31T01:16:36.931+0000] {manager.py:484} INFO - Process each file at most once every 30 seconds
[2024-08-31T01:16:36.931+0000] {manager.py:486} INFO - Checking for new files in /opt/airflow/dags every 300 seconds
[2024-08-31T01:16:36.931+0000] {manager.py:726} INFO - Searching for files in /opt/airflow/dags
[2024-08-31T01:16:36.939+0000] {manager.py:729} INFO - There are 0 files in /opt/airflow/dags
[2024-08-31T01:18:46.264+0000] {manager.py:465} INFO - Exiting gracefully upon receiving signal 15
[2024-08-31T01:22:03.283+0000] {manager.py:483} INFO - Processing files using up to 2 processes at a time 
[2024-08-31T01:22:03.294+0000] {manager.py:484} INFO - Process each file at most once every 30 seconds
[2024-08-31T01:22:03.294+0000] {manager.py:486} INFO - Checking for new files in /opt/airflow/dags every 300 seconds
[2024-08-31T01:22:03.294+0000] {manager.py:726} INFO - Searching for files in /opt/airflow/dags
[2024-08-31T01:22:03.294+0000] {manager.py:729} INFO - There are 0 files in /opt/airflow/dags
[2024-08-31T01:22:16.062+0000] {manager.py:465} INFO - Exiting gracefully upon receiving signal 15
[2024-08-31T01:22:38.604+0000] {manager.py:483} INFO - Processing files using up to 2 processes at a time 
[2024-08-31T01:22:38.608+0000] {manager.py:484} INFO - Process each file at most once every 30 seconds
[2024-08-31T01:22:38.608+0000] {manager.py:486} INFO - Checking for new files in /opt/airflow/dags every 300 seconds
[2024-08-31T01:22:38.609+0000] {manager.py:726} INFO - Searching for files in /opt/airflow/dags
[2024-08-31T01:22:38.610+0000] {manager.py:729} INFO - There are 0 files in /opt/airflow/dags
[2024-08-31T01:24:42.449+0000] {manager.py:465} INFO - Exiting gracefully upon receiving signal 15
[2024-08-31T01:29:20.931+0000] {manager.py:483} INFO - Processing files using up to 2 processes at a time 
[2024-08-31T01:29:20.938+0000] {manager.py:484} INFO - Process each file at most once every 30 seconds
[2024-08-31T01:29:20.938+0000] {manager.py:486} INFO - Checking for new files in /opt/airflow/dags every 300 seconds
[2024-08-31T01:29:20.938+0000] {manager.py:726} INFO - Searching for files in /opt/airflow/dags
[2024-08-31T01:29:20.938+0000] {manager.py:729} INFO - There are 0 files in /opt/airflow/dags
[2024-08-31T01:30:01.257+0000] {manager.py:465} INFO - Exiting gracefully upon receiving signal 15
[2024-08-31T01:31:12.785+0000] {manager.py:483} INFO - Processing files using up to 2 processes at a time 
[2024-08-31T01:31:12.809+0000] {manager.py:484} INFO - Process each file at most once every 30 seconds
[2024-08-31T01:31:12.809+0000] {manager.py:486} INFO - Checking for new files in /opt/airflow/dags every 300 seconds
[2024-08-31T01:31:12.809+0000] {manager.py:726} INFO - Searching for files in /opt/airflow/dags
[2024-08-31T01:31:12.809+0000] {manager.py:729} INFO - There are 0 files in /opt/airflow/dags
[2024-08-31T01:36:13.357+0000] {manager.py:726} INFO - Searching for files in /opt/airflow/dags
[2024-08-31T01:36:13.363+0000] {manager.py:729} INFO - There are 0 files in /opt/airflow/dags
[2024-08-31T01:41:13.563+0000] {manager.py:726} INFO - Searching for files in /opt/airflow/dags
[2024-08-31T01:41:13.565+0000] {manager.py:729} INFO - There are 0 files in /opt/airflow/dags
[2024-08-31T01:46:13.762+0000] {manager.py:726} INFO - Searching for files in /opt/airflow/dags
[2024-08-31T01:46:13.766+0000] {manager.py:729} INFO - There are 0 files in /opt/airflow/dags
[2024-08-31T01:49:03.066+0000] {manager.py:465} INFO - Exiting gracefully upon receiving signal 15
[2024-08-31T01:51:45.692+0000] {manager.py:483} INFO - Processing files using up to 2 processes at a time 
[2024-08-31T01:51:45.708+0000] {manager.py:484} INFO - Process each file at most once every 30 seconds
[2024-08-31T01:51:45.708+0000] {manager.py:486} INFO - Checking for new files in /opt/airflow/dags every 300 seconds
[2024-08-31T01:51:45.708+0000] {manager.py:726} INFO - Searching for files in /opt/airflow/dags
[2024-08-31T01:51:45.719+0000] {manager.py:729} INFO - There are 1 files in /opt/airflow/dags
[2024-08-31T01:51:45.903+0000] {manager.py:854} INFO - 
================================================================================
DAG File Processing Stats

File Path                      PID  Runtime      # DAGs    # Errors  Last Runtime    Last Run
---------------------------  -----  ---------  --------  ----------  --------------  ----------
/opt/airflow/dags/smooth.py     41  0.11s             0           0
================================================================================
[2024-08-31T01:52:15.989+0000] {manager.py:854} INFO - 
================================================================================
DAG File Processing Stats

File Path                    PID    Runtime      # DAGs    # Errors  Last Runtime    Last Run
---------------------------  -----  ---------  --------  ----------  --------------  -------------------
/opt/airflow/dags/smooth.py                           1           0  0.86s           2024-08-31T01:51:46
================================================================================
[2024-08-31T01:52:46.089+0000] {manager.py:854} INFO - 
================================================================================
DAG File Processing Stats

File Path                    PID    Runtime      # DAGs    # Errors  Last Runtime    Last Run
---------------------------  -----  ---------  --------  ----------  --------------  -------------------
/opt/airflow/dags/smooth.py                           1           0  0.29s           2024-08-31T01:52:17
================================================================================
[2024-08-31T01:53:16.254+0000] {manager.py:854} INFO - 
================================================================================
DAG File Processing Stats

File Path                    PID    Runtime      # DAGs    # Errors  Last Runtime    Last Run
---------------------------  -----  ---------  --------  ----------  --------------  -------------------
/opt/airflow/dags/smooth.py                           1           0  0.08s           2024-08-31T01:52:47
================================================================================
[2024-08-31T01:53:46.408+0000] {manager.py:854} INFO - 
================================================================================
DAG File Processing Stats

File Path                    PID    Runtime      # DAGs    # Errors  Last Runtime    Last Run
---------------------------  -----  ---------  --------  ----------  --------------  -------------------
/opt/airflow/dags/smooth.py                           1           0  0.25s           2024-08-31T01:53:17
================================================================================
[2024-08-31T01:54:16.703+0000] {manager.py:854} INFO - 
================================================================================
DAG File Processing Stats

File Path                    PID    Runtime      # DAGs    # Errors  Last Runtime    Last Run
---------------------------  -----  ---------  --------  ----------  --------------  -------------------
/opt/airflow/dags/smooth.py                           1           0  0.08s           2024-08-31T01:53:47
================================================================================
[2024-08-31T01:54:46.807+0000] {manager.py:854} INFO - 
================================================================================
DAG File Processing Stats

File Path                    PID    Runtime      # DAGs    # Errors  Last Runtime    Last Run
---------------------------  -----  ---------  --------  ----------  --------------  -------------------
/opt/airflow/dags/smooth.py                           1           0  0.09s           2024-08-31T01:54:17
================================================================================
[2024-08-31T01:55:17.005+0000] {manager.py:854} INFO - 
================================================================================
DAG File Processing Stats

File Path                    PID    Runtime      # DAGs    # Errors  Last Runtime    Last Run
---------------------------  -----  ---------  --------  ----------  --------------  -------------------
/opt/airflow/dags/smooth.py                           1           0  0.09s           2024-08-31T01:54:47
================================================================================
[2024-08-31T01:55:47.197+0000] {manager.py:854} INFO - 
================================================================================
DAG File Processing Stats

File Path                    PID    Runtime      # DAGs    # Errors  Last Runtime    Last Run
---------------------------  -----  ---------  --------  ----------  --------------  -------------------
/opt/airflow/dags/smooth.py                           1           0  0.17s           2024-08-31T01:55:18
================================================================================
[2024-08-31T01:56:17.409+0000] {manager.py:854} INFO - 
================================================================================
DAG File Processing Stats

File Path                    PID    Runtime      # DAGs    # Errors  Last Runtime    Last Run
---------------------------  -----  ---------  --------  ----------  --------------  -------------------
/opt/airflow/dags/smooth.py                           1           0  0.17s           2024-08-31T01:55:48
================================================================================
[2024-08-31T01:56:46.539+0000] {manager.py:726} INFO - Searching for files in /opt/airflow/dags
[2024-08-31T01:56:46.540+0000] {manager.py:729} INFO - There are 1 files in /opt/airflow/dags
[2024-08-31T01:56:47.550+0000] {manager.py:854} INFO - 
================================================================================
DAG File Processing Stats

File Path                    PID    Runtime      # DAGs    # Errors  Last Runtime    Last Run
---------------------------  -----  ---------  --------  ----------  --------------  -------------------
/opt/airflow/dags/smooth.py                           1           0  0.07s           2024-08-31T01:56:18
================================================================================
[2024-08-31T01:57:17.695+0000] {manager.py:854} INFO - 
================================================================================
DAG File Processing Stats

File Path                    PID    Runtime      # DAGs    # Errors  Last Runtime    Last Run
---------------------------  -----  ---------  --------  ----------  --------------  -------------------
/opt/airflow/dags/smooth.py                           1           0  0.07s           2024-08-31T01:56:48
================================================================================
[2024-08-31T01:57:47.803+0000] {manager.py:854} INFO - 
================================================================================
DAG File Processing Stats

File Path                    PID    Runtime      # DAGs    # Errors  Last Runtime    Last Run
---------------------------  -----  ---------  --------  ----------  --------------  -------------------
/opt/airflow/dags/smooth.py                           1           0  0.07s           2024-08-31T01:57:18
================================================================================
[2024-08-31T01:58:17.960+0000] {manager.py:854} INFO - 
================================================================================
DAG File Processing Stats

File Path                    PID    Runtime      # DAGs    # Errors  Last Runtime    Last Run
---------------------------  -----  ---------  --------  ----------  --------------  -------------------
/opt/airflow/dags/smooth.py                           1           0  0.09s           2024-08-31T01:57:48
================================================================================
[2024-08-31T01:58:48.064+0000] {manager.py:854} INFO - 
================================================================================
DAG File Processing Stats

File Path                    PID    Runtime      # DAGs    # Errors  Last Runtime    Last Run
---------------------------  -----  ---------  --------  ----------  --------------  -------------------
/opt/airflow/dags/smooth.py                           1           0  0.07s           2024-08-31T01:58:19
================================================================================
[2024-08-31T01:59:18.222+0000] {manager.py:854} INFO - 
================================================================================
DAG File Processing Stats

File Path                    PID    Runtime      # DAGs    # Errors  Last Runtime    Last Run
---------------------------  -----  ---------  --------  ----------  --------------  -------------------
/opt/airflow/dags/smooth.py                           1           0  0.07s           2024-08-31T01:58:49
================================================================================
[2024-08-31T01:59:48.340+0000] {manager.py:854} INFO - 
================================================================================
DAG File Processing Stats

File Path                    PID    Runtime      # DAGs    # Errors  Last Runtime    Last Run
---------------------------  -----  ---------  --------  ----------  --------------  -------------------
/opt/airflow/dags/smooth.py                           1           0  0.07s           2024-08-31T01:59:19
================================================================================
[2024-08-31T02:00:18.467+0000] {manager.py:854} INFO - 
================================================================================
DAG File Processing Stats

File Path                    PID    Runtime      # DAGs    # Errors  Last Runtime    Last Run
---------------------------  -----  ---------  --------  ----------  --------------  -------------------
/opt/airflow/dags/smooth.py                           1           0  0.08s           2024-08-31T01:59:49
================================================================================
[2024-08-31T02:00:48.575+0000] {manager.py:854} INFO - 
================================================================================
DAG File Processing Stats

File Path                    PID    Runtime      # DAGs    # Errors  Last Runtime    Last Run
---------------------------  -----  ---------  --------  ----------  --------------  -------------------
/opt/airflow/dags/smooth.py                           1           0  0.07s           2024-08-31T02:00:19
================================================================================
[2024-08-31T02:01:18.715+0000] {manager.py:854} INFO - 
================================================================================
DAG File Processing Stats

File Path                    PID    Runtime      # DAGs    # Errors  Last Runtime    Last Run
---------------------------  -----  ---------  --------  ----------  --------------  -------------------
/opt/airflow/dags/smooth.py                           1           0  0.07s           2024-08-31T02:00:49
================================================================================
[2024-08-31T02:01:46.809+0000] {manager.py:726} INFO - Searching for files in /opt/airflow/dags
[2024-08-31T02:01:46.810+0000] {manager.py:729} INFO - There are 1 files in /opt/airflow/dags
[2024-08-31T02:01:48.823+0000] {manager.py:854} INFO - 
================================================================================
DAG File Processing Stats

File Path                    PID    Runtime      # DAGs    # Errors  Last Runtime    Last Run
---------------------------  -----  ---------  --------  ----------  --------------  -------------------
/opt/airflow/dags/smooth.py                           1           0  0.08s           2024-08-31T02:01:19
================================================================================
[2024-08-31T02:02:18.969+0000] {manager.py:854} INFO - 
================================================================================
DAG File Processing Stats

File Path                    PID    Runtime      # DAGs    # Errors  Last Runtime    Last Run
---------------------------  -----  ---------  --------  ----------  --------------  -------------------
/opt/airflow/dags/smooth.py                           1           0  0.08s           2024-08-31T02:01:49
================================================================================
[2024-08-31T02:02:49.079+0000] {manager.py:854} INFO - 
================================================================================
DAG File Processing Stats

File Path                    PID    Runtime      # DAGs    # Errors  Last Runtime    Last Run
---------------------------  -----  ---------  --------  ----------  --------------  -------------------
/opt/airflow/dags/smooth.py                           1           0  0.08s           2024-08-31T02:02:20
================================================================================
[2024-08-31T02:03:19.236+0000] {manager.py:854} INFO - 
================================================================================
DAG File Processing Stats

File Path                    PID    Runtime      # DAGs    # Errors  Last Runtime    Last Run
---------------------------  -----  ---------  --------  ----------  --------------  -------------------
/opt/airflow/dags/smooth.py                           1           0  0.07s           2024-08-31T02:02:50
================================================================================
[2024-08-31T02:03:49.387+0000] {manager.py:854} INFO - 
================================================================================
DAG File Processing Stats

File Path                    PID    Runtime      # DAGs    # Errors  Last Runtime    Last Run
---------------------------  -----  ---------  --------  ----------  --------------  -------------------
/opt/airflow/dags/smooth.py                           1           0  0.07s           2024-08-31T02:03:20
================================================================================
[2024-08-31T02:04:19.498+0000] {manager.py:854} INFO - 
================================================================================
DAG File Processing Stats

File Path                    PID    Runtime      # DAGs    # Errors  Last Runtime    Last Run
---------------------------  -----  ---------  --------  ----------  --------------  -------------------
/opt/airflow/dags/smooth.py                           1           0  0.07s           2024-08-31T02:03:50
================================================================================
[2024-08-31T02:04:49.602+0000] {manager.py:854} INFO - 
================================================================================
DAG File Processing Stats

File Path                    PID    Runtime      # DAGs    # Errors  Last Runtime    Last Run
---------------------------  -----  ---------  --------  ----------  --------------  -------------------
/opt/airflow/dags/smooth.py                           1           0  0.09s           2024-08-31T02:04:20
================================================================================
[2024-08-31T02:05:19.817+0000] {manager.py:854} INFO - 
================================================================================
DAG File Processing Stats

File Path                    PID    Runtime      # DAGs    # Errors  Last Runtime    Last Run
---------------------------  -----  ---------  --------  ----------  --------------  -------------------
/opt/airflow/dags/smooth.py                           1           0  0.21s           2024-08-31T02:04:50
================================================================================
[2024-08-31T02:05:49.980+0000] {manager.py:854} INFO - 
================================================================================
DAG File Processing Stats

File Path                    PID    Runtime      # DAGs    # Errors  Last Runtime    Last Run
---------------------------  -----  ---------  --------  ----------  --------------  -------------------
/opt/airflow/dags/smooth.py                           1           0  0.12s           2024-08-31T02:05:21
================================================================================
[2024-08-31T02:06:20.166+0000] {manager.py:854} INFO - 
================================================================================
DAG File Processing Stats

File Path                    PID    Runtime      # DAGs    # Errors  Last Runtime    Last Run
---------------------------  -----  ---------  --------  ----------  --------------  -------------------
/opt/airflow/dags/smooth.py                           1           0  0.07s           2024-08-31T02:05:51
================================================================================
[2024-08-31T02:06:47.284+0000] {manager.py:726} INFO - Searching for files in /opt/airflow/dags
[2024-08-31T02:06:47.286+0000] {manager.py:729} INFO - There are 1 files in /opt/airflow/dags
[2024-08-31T02:06:50.300+0000] {manager.py:854} INFO - 
================================================================================
DAG File Processing Stats

File Path                    PID    Runtime      # DAGs    # Errors  Last Runtime    Last Run
---------------------------  -----  ---------  --------  ----------  --------------  -------------------
/opt/airflow/dags/smooth.py                           1           0  0.13s           2024-08-31T02:06:21
================================================================================
